\BOOKMARK [1][-]{section.1}{Introduction}{}% 1
\BOOKMARK [1][-]{section.2}{Theory and method}{}% 2
\BOOKMARK [2][-]{subsection.2.1}{Two particle system}{section.2}% 3
\BOOKMARK [2][-]{subsection.2.2}{More particles}{section.2}% 4
\BOOKMARK [2][-]{subsection.2.3}{Relevant topics for this project}{section.2}% 5
\BOOKMARK [3][-]{subsubsection.2.3.1}{Gradient descent - two parameters}{subsection.2.3}% 6
\BOOKMARK [3][-]{subsubsection.2.3.2}{One-body density}{subsection.2.3}% 7
\BOOKMARK [3][-]{subsubsection.2.3.3}{Virial theorem}{subsection.2.3}% 8
\BOOKMARK [3][-]{subsubsection.2.3.4}{Trap frequency}{subsection.2.3}% 9
\BOOKMARK [3][-]{subsubsection.2.3.5}{Evaluating the error}{subsection.2.3}% 10
\BOOKMARK [2][-]{subsection.2.4}{The program}{section.2}% 11
\BOOKMARK [3][-]{subsubsection.2.4.1}{Initialization}{subsection.2.4}% 12
\BOOKMARK [3][-]{subsubsection.2.4.2}{Metropolis steps}{subsection.2.4}% 13
\BOOKMARK [3][-]{subsubsection.2.4.3}{Sampling}{subsection.2.4}% 14
\BOOKMARK [2][-]{subsection.2.5}{Improving performance and efficiency}{section.2}% 15
\BOOKMARK [3][-]{subsubsection.2.5.1}{Vectorization}{subsection.2.5}% 16
\BOOKMARK [3][-]{subsubsection.2.5.2}{Parallelizing}{subsection.2.5}% 17
\BOOKMARK [3][-]{subsubsection.2.5.3}{Reducing computational cost}{subsection.2.5}% 18
\BOOKMARK [1][-]{section.3}{Results and discussion}{}% 19
\BOOKMARK [2][-]{subsection.3.1}{Two electrons in two dimensions}{section.3}% 20
\BOOKMARK [3][-]{subsubsection.3.1.1}{Brute force sampling}{subsection.3.1}% 21
\BOOKMARK [3][-]{subsubsection.3.1.2}{Including importance sampling}{subsection.3.1}% 22
\BOOKMARK [3][-]{subsubsection.3.1.3}{Including optimization}{subsection.3.1}% 23
\BOOKMARK [3][-]{subsubsection.3.1.4}{Including interaction}{subsection.3.1}% 24
\BOOKMARK [3][-]{subsubsection.3.1.5}{One-body density}{subsection.3.1}% 25
\BOOKMARK [2][-]{subsection.3.2}{Six particles}{section.3}% 26
\BOOKMARK [2][-]{subsection.3.3}{Twelve particles}{section.3}% 27
\BOOKMARK [2][-]{subsection.3.4}{Efficiency}{section.3}% 28
\BOOKMARK [2][-]{subsection.3.5}{Performance analysis}{section.3}% 29
\BOOKMARK [3][-]{subsubsection.3.5.1}{Vectorization}{subsection.3.5}% 30
\BOOKMARK [3][-]{subsubsection.3.5.2}{Parallellization}{subsection.3.5}% 31
\BOOKMARK [1][-]{section.4}{Conclusion}{}% 32
\BOOKMARK [1][-]{section*.27}{Appendices}{}% 33
\BOOKMARK [1][-]{Appendix.1.A}{Improving calculations of important parts of code }{}% 34
\BOOKMARK [2][-]{subsection.1.A.1}{Slater determinant}{Appendix.1.A}% 35
\BOOKMARK [2][-]{subsection.1.A.2}{The Metropolis ratio}{Appendix.1.A}% 36
\BOOKMARK [2][-]{subsection.1.A.3}{Updating the inverse of the Slater determinant}{Appendix.1.A}% 37
\BOOKMARK [2][-]{subsection.1.A.4}{Gradients and double derivatives}{Appendix.1.A}% 38
\BOOKMARK [1][-]{Appendix.1.B}{Energies}{}% 39
\BOOKMARK [1][-]{Appendix.1.C}{Hermite polynomials and the wavefunction derivatives}{}% 40
